Build started 5/22/2015 4:25:57 AM.
     1>Project "C:\Users\Jonathan\Documents\Visual Studio 2013\Projects\linkedlist\linkedlist\linkedlist.vcxproj" on node 2 (Build target(s)).
     1>ClCompile:
         C:\Program Files (x86)\Microsoft Visual Studio 12.0\VC\bin\CL.exe /c /Zi /nologo /W3 /WX- /sdl /O2 /Oi /Oy- /GL /D WIN32 /D NDEBUG /D _CONSOLE /D _LIB /D _UNICODE /D UNICODE /Gm- /EHsc /MD /GS /Gy /fp:precise /Zc:wchar_t /Zc:forScope /Yu"stdafx.h" /Fp"Release\linkedlist.pch" /Fo"Release\\" /Fd"Release\vc120.pdb" /Gd /TP /analyze- /errorReport:prompt linkedlist.cpp
         linkedlist.cpp
     1>c:\users\jonathan\documents\visual studio 2013\projects\linkedlist\linkedlist\linkedList.h(9): error C2535: 'linkedList<type>::linkedList(void)' : member function already defined or declared
                 c:\users\jonathan\documents\visual studio 2013\projects\linkedlist\linkedlist\linkedList.h(5) : see declaration of 'linkedList<type>::linkedList'
                 c:\users\jonathan\documents\visual studio 2013\projects\linkedlist\linkedlist\linkedList.h(41) : see reference to class template instantiation 'linkedList<type>' being compiled
     1>c:\users\jonathan\documents\visual studio 2013\projects\linkedlist\linkedlist\linkedList.h(9): error C2535: 'linkedList<int>::linkedList(void)' : member function already defined or declared
                 c:\users\jonathan\documents\visual studio 2013\projects\linkedlist\linkedlist\linkedList.h(5) : see declaration of 'linkedList<int>::linkedList'
                 linkedlist.cpp(10) : see reference to class template instantiation 'linkedList<int>' being compiled
     1>linkedlist.cpp(28): error C2995: 'linkedList<type>::linkedList(void)' : function template has already been defined
                 c:\users\jonathan\documents\visual studio 2013\projects\linkedlist\linkedlist\linkedList.h(5) : see declaration of 'linkedList<type>::linkedList'
     1>Done Building Project "C:\Users\Jonathan\Documents\Visual Studio 2013\Projects\linkedlist\linkedlist\linkedlist.vcxproj" (Build target(s)) -- FAILED.

Build FAILED.

Time Elapsed 00:00:00.76
